21:04:41.223 [main] INFO  testCases.TC002_LoginTest.verifyLogin(TC002_LoginTest.java:17)oggger - ***** Starting TC_002_LoginTest *****
21:04:42.724 [main] INFO  testCases.TC002_LoginTest.verifyLogin(TC002_LoginTest.java:45)oggger - ***** Finished TC_002_LoginTest *****
21:04:52.778 [main] INFO  testCases.TC001_AccountRegistrationTest.registerUser(TC001_AccountRegistrationTest.java:19)oggger - **** Starting TC001_AccountRegistration ****
21:04:52.784 [main] INFO  testCases.TC001_AccountRegistrationTest.registerUser(TC001_AccountRegistrationTest.java:23)oggger - **** Clicked on 'My Account' ****
21:04:52.901 [main] INFO  testCases.TC001_AccountRegistrationTest.registerUser(TC001_AccountRegistrationTest.java:25)oggger - **** Clicked on 'Register Account' ****
21:04:54.995 [main] INFO  testCases.TC001_AccountRegistrationTest.registerUser(TC001_AccountRegistrationTest.java:48)oggger - **** Account creation successful' ****
21:04:54.995 [main] INFO  testCases.TC001_AccountRegistrationTest.registerUser(TC001_AccountRegistrationTest.java:60)oggger - **** Finished TC001_AccountRegistration ****
21:05:00.946 [main] INFO  testCases.TC002_LoginTest.verifyLogin(TC002_LoginTest.java:17)oggger - ***** Starting TC_002_LoginTest *****
21:05:02.294 [main] INFO  testCases.TC002_LoginTest.verifyLogin(TC002_LoginTest.java:45)oggger - ***** Finished TC_002_LoginTest *****
21:35:16.276 [main] DEBUG org.testng.log4testng.Logger.debug(Logger.java:82)oggger - suiteXmlPath: "C:\Users\shiva\Downloads\Eclipse Work\OpenCart_NV1\master.xml"
21:35:55.044 [main] DEBUG org.testng.log4testng.Logger.debug(Logger.java:82)oggger - suiteXmlPath: "C:\Users\shiva\Downloads\Eclipse Work\OpenCart_NV1\master.xml"
21:35:57.962 [main] INFO  testCases.TC001_AccountRegistrationTest.registerUser(TC001_AccountRegistrationTest.java:19)oggger - **** Starting TC001_AccountRegistration ****
21:35:57.972 [main] INFO  testCases.TC001_AccountRegistrationTest.registerUser(TC001_AccountRegistrationTest.java:23)oggger - **** Clicked on 'My Account' ****
21:35:58.050 [main] INFO  testCases.TC001_AccountRegistrationTest.registerUser(TC001_AccountRegistrationTest.java:25)oggger - **** Clicked on 'Register Account' ****
21:35:59.997 [main] INFO  testCases.TC001_AccountRegistrationTest.registerUser(TC001_AccountRegistrationTest.java:48)oggger - **** Account creation successful' ****
21:35:59.998 [main] INFO  testCases.TC001_AccountRegistrationTest.registerUser(TC001_AccountRegistrationTest.java:60)oggger - **** Finished TC001_AccountRegistration ****
21:36:04.446 [main] INFO  testCases.TC002_LoginTest.verifyLogin(TC002_LoginTest.java:17)oggger - ***** Starting TC_002_LoginTest *****
21:36:05.684 [main] INFO  testCases.TC002_LoginTest.verifyLogin(TC002_LoginTest.java:45)oggger - ***** Finished TC_002_LoginTest *****
22:03:59.329 [main] DEBUG org.testng.log4testng.Logger.debug(Logger.java:82)oggger - suiteXmlPath: "C:\Users\shiva\Downloads\Eclipse Work\OpenCart_NV1\master.xml"
22:04:04.141 [main] INFO  testCases.TC001_AccountRegistrationTest.registerUser(TC001_AccountRegistrationTest.java:19)oggger - **** Starting TC001_AccountRegistration ****
22:04:04.156 [main] INFO  testCases.TC001_AccountRegistrationTest.registerUser(TC001_AccountRegistrationTest.java:23)oggger - **** Clicked on 'My Account' ****
22:04:04.218 [main] INFO  testCases.TC001_AccountRegistrationTest.registerUser(TC001_AccountRegistrationTest.java:25)oggger - **** Clicked on 'Register Account' ****
22:04:06.171 [main] INFO  testCases.TC001_AccountRegistrationTest.registerUser(TC001_AccountRegistrationTest.java:48)oggger - **** Account creation successful' ****
22:04:06.173 [main] INFO  testCases.TC001_AccountRegistrationTest.registerUser(TC001_AccountRegistrationTest.java:60)oggger - **** Finished TC001_AccountRegistration ****
22:04:12.324 [main] INFO  testCases.TC002_LoginTest.verifyLogin(TC002_LoginTest.java:17)oggger - ***** Starting TC_002_LoginTest *****
22:04:14.368 [main] INFO  testCases.TC002_LoginTest.verifyLogin(TC002_LoginTest.java:45)oggger - ***** Finished TC_002_LoginTest *****
22:08:28.177 [main] DEBUG org.testng.log4testng.Logger.debug(Logger.java:82)oggger - suiteXmlPath: "C:\Users\shiva\Downloads\Eclipse Work\OpenCart_NV1\master.xml"
22:08:31.201 [main] INFO  testCases.TC001_AccountRegistrationTest.registerUser(TC001_AccountRegistrationTest.java:19)oggger - **** Starting TC001_AccountRegistration ****
22:08:31.216 [main] INFO  testCases.TC001_AccountRegistrationTest.registerUser(TC001_AccountRegistrationTest.java:23)oggger - **** Clicked on 'My Account' ****
22:08:31.289 [main] INFO  testCases.TC001_AccountRegistrationTest.registerUser(TC001_AccountRegistrationTest.java:25)oggger - **** Clicked on 'Register Account' ****
22:08:33.506 [main] INFO  testCases.TC001_AccountRegistrationTest.registerUser(TC001_AccountRegistrationTest.java:48)oggger - **** Account creation successful' ****
22:08:33.507 [main] INFO  testCases.TC001_AccountRegistrationTest.registerUser(TC001_AccountRegistrationTest.java:60)oggger - **** Finished TC001_AccountRegistration ****
